2025-11-19 19:12:01,382 - INFO - Starting backend service..
2025-11-19 19:12:03,383 - INFO - Starting frontend service..
2025-11-19 19:14:22,195 - INFO - Starting backend service..
2025-11-19 19:14:24,202 - INFO - Starting frontend service..
2025-11-19 19:15:56,600 - INFO - Sending request to API
2025-11-19 19:15:58,647 - ERROR - Error occurred while sending request to API
2025-11-19 19:23:02,723 - INFO - Starting backend service..
2025-11-19 19:23:04,735 - INFO - Starting frontend service..
2025-11-19 19:23:48,117 - INFO - Sending request to API
2025-11-19 19:23:50,166 - ERROR - Error occurred while sending request to API
2025-11-19 19:25:26,089 - INFO - Starting backend service..
2025-11-19 19:25:28,090 - INFO - Starting frontend service..
2025-11-19 19:26:07,305 - INFO - Sending request to API at http://127.0.0.1:9999/chat
2025-11-19 19:26:09,363 - ERROR - Could not connect to backend.
Traceback (most recent call last):
  File "E:\PROJECTS LLMOPS\MULTI-AI AGENT\venv\Lib\site-packages\urllib3\connection.py", line 198, in _new_conn
    sock = connection.create_connection(
           ^^^^^^^^^^^^^^^^^^^^^^^^^^^^^
  File "E:\PROJECTS LLMOPS\MULTI-AI AGENT\venv\Lib\site-packages\urllib3\util\connection.py", line 85, in create_connection
    raise err
  File "E:\PROJECTS LLMOPS\MULTI-AI AGENT\venv\Lib\site-packages\urllib3\util\connection.py", line 73, in create_connection
    sock.connect(sa)
ConnectionRefusedError: [WinError 10061] No connection could be made because the target machine actively refused it

The above exception was the direct cause of the following exception:

Traceback (most recent call last):
  File "E:\PROJECTS LLMOPS\MULTI-AI AGENT\venv\Lib\site-packages\urllib3\connectionpool.py", line 787, in urlopen
    response = self._make_request(
               ^^^^^^^^^^^^^^^^^^^
  File "E:\PROJECTS LLMOPS\MULTI-AI AGENT\venv\Lib\site-packages\urllib3\connectionpool.py", line 493, in _make_request
    conn.request(
  File "E:\PROJECTS LLMOPS\MULTI-AI AGENT\venv\Lib\site-packages\urllib3\connection.py", line 494, in request
    self.endheaders()
  File "C:\Program Files\Python311\Lib\http\client.py", line 1298, in endheaders
    self._send_output(message_body, encode_chunked=encode_chunked)
  File "C:\Program Files\Python311\Lib\http\client.py", line 1058, in _send_output
    self.send(msg)
  File "C:\Program Files\Python311\Lib\http\client.py", line 996, in send
    self.connect()
  File "E:\PROJECTS LLMOPS\MULTI-AI AGENT\venv\Lib\site-packages\urllib3\connection.py", line 325, in connect
    self.sock = self._new_conn()
                ^^^^^^^^^^^^^^^^
  File "E:\PROJECTS LLMOPS\MULTI-AI AGENT\venv\Lib\site-packages\urllib3\connection.py", line 213, in _new_conn
    raise NewConnectionError(
urllib3.exceptions.NewConnectionError: <urllib3.connection.HTTPConnection object at 0x000001AD61B51950>: Failed to establish a new connection: [WinError 10061] No connection could be made because the target machine actively refused it

The above exception was the direct cause of the following exception:

Traceback (most recent call last):
  File "E:\PROJECTS LLMOPS\MULTI-AI AGENT\venv\Lib\site-packages\requests\adapters.py", line 644, in send
    resp = conn.urlopen(
           ^^^^^^^^^^^^^
  File "E:\PROJECTS LLMOPS\MULTI-AI AGENT\venv\Lib\site-packages\urllib3\connectionpool.py", line 841, in urlopen
    retries = retries.increment(
              ^^^^^^^^^^^^^^^^^^
  File "E:\PROJECTS LLMOPS\MULTI-AI AGENT\venv\Lib\site-packages\urllib3\util\retry.py", line 519, in increment
    raise MaxRetryError(_pool, url, reason) from reason  # type: ignore[arg-type]
    ^^^^^^^^^^^^^^^^^^^^^^^^^^^^^^^^^^^^^^^^^^^^^^^^^^^
urllib3.exceptions.MaxRetryError: HTTPConnectionPool(host='127.0.0.1', port=9999): Max retries exceeded with url: /chat (Caused by NewConnectionError('<urllib3.connection.HTTPConnection object at 0x000001AD61B51950>: Failed to establish a new connection: [WinError 10061] No connection could be made because the target machine actively refused it'))

During handling of the above exception, another exception occurred:

Traceback (most recent call last):
  File "E:\PROJECTS LLMOPS\MULTI-AI AGENT\app\frontend\ui.py", line 81, in call_backend
    response = requests.post(api_url, json=payload, timeout=60)
               ^^^^^^^^^^^^^^^^^^^^^^^^^^^^^^^^^^^^^^^^^^^^^^^^
  File "E:\PROJECTS LLMOPS\MULTI-AI AGENT\venv\Lib\site-packages\requests\api.py", line 115, in post
    return request("post", url, data=data, json=json, **kwargs)
           ^^^^^^^^^^^^^^^^^^^^^^^^^^^^^^^^^^^^^^^^^^^^^^^^^^^^
  File "E:\PROJECTS LLMOPS\MULTI-AI AGENT\venv\Lib\site-packages\requests\api.py", line 59, in request
    return session.request(method=method, url=url, **kwargs)
           ^^^^^^^^^^^^^^^^^^^^^^^^^^^^^^^^^^^^^^^^^^^^^^^^^
  File "E:\PROJECTS LLMOPS\MULTI-AI AGENT\venv\Lib\site-packages\requests\sessions.py", line 589, in request
    resp = self.send(prep, **send_kwargs)
           ^^^^^^^^^^^^^^^^^^^^^^^^^^^^^^
  File "E:\PROJECTS LLMOPS\MULTI-AI AGENT\venv\Lib\site-packages\requests\sessions.py", line 703, in send
    r = adapter.send(request, **kwargs)
        ^^^^^^^^^^^^^^^^^^^^^^^^^^^^^^^
  File "E:\PROJECTS LLMOPS\MULTI-AI AGENT\venv\Lib\site-packages\requests\adapters.py", line 677, in send
    raise ConnectionError(e, request=request)
requests.exceptions.ConnectionError: HTTPConnectionPool(host='127.0.0.1', port=9999): Max retries exceeded with url: /chat (Caused by NewConnectionError('<urllib3.connection.HTTPConnection object at 0x000001AD61B51950>: Failed to establish a new connection: [WinError 10061] No connection could be made because the target machine actively refused it'))
2025-11-19 19:26:09,506 - ERROR - CustomException: Could not connect to backend. Is the backend running on 127.0.0.1:9999? | Error: HTTPConnectionPool(host='127.0.0.1', port=9999): Max retries exceeded with url: /chat (Caused by NewConnectionError('<urllib3.connection.HTTPConnection object at 0x000001AD61B51950>: Failed to establish a new connection: [WinError 10061] No connection could be made because the target machine actively refused it')) | File: E:\PROJECTS LLMOPS\MULTI-AI AGENT\app\frontend\ui.py | Line: 81
2025-11-19 20:04:22,931 - INFO - Sending request to API at http://127.0.0.1:9999/chat
2025-11-19 20:04:23,001 - INFO - Request received for model : llama3-70b-8192
2025-11-19 20:04:25,632 - ERROR - Error in get_response: create_agent() got an unexpected keyword argument 'state_modifier'
2025-11-19 20:04:25,636 - ERROR - Backend returned HTTP error N/A
Traceback (most recent call last):
  File "E:\PROJECTS LLMOPS\MULTI-AI AGENT\app\frontend\ui.py", line 84, in call_backend
    response.raise_for_status()
  File "E:\PROJECTS LLMOPS\MULTI-AI AGENT\venv\Lib\site-packages\requests\models.py", line 1026, in raise_for_status
    raise HTTPError(http_error_msg, response=self)
requests.exceptions.HTTPError: 500 Server Error: Internal Server Error for url: http://127.0.0.1:9999/chat
2025-11-19 20:04:25,651 - ERROR - CustomException: Backend returned an error: 500 Server Error: Internal Server Error for url: http://127.0.0.1:9999/chat. Details: {"detail":"Internal Server Error | Error: create_agent() got an unexpected keyword argument 'state_modifier' | File: E:\\PROJECTS LLMOPS\\MULTI-AI AGENT\\app\\backend\\api.py | Line: 28"} | Error: 500 Server Error: Internal Server Error for url: http://127.0.0.1:9999/chat | File: E:\PROJECTS LLMOPS\MULTI-AI AGENT\app\frontend\ui.py | Line: 84
